yarn add v1.22.19
warning package.json: "dependencies" has dependency "@testing-library/jest-dom" with range "^6.2.0" that collides with a dependency in "devDependencies" of the same name with version "5.16.5"
warning package.json: "dependencies" has dependency "@testing-library/react" with range "^14.1.2" that collides with a dependency in "devDependencies" of the same name with version "13.4.0"
warning package.json: "dependencies" has dependency "@types/styled-components" with range "^5.1.15" that collides with a dependency in "devDependencies" of the same name with version "^5.1.26"
[1/4] Resolving packages...
warning Resolution field "babel-loader@8.1.0" is incompatible with requested version "babel-loader@^8.2.3"
warning Resolution field "babel-loader@8.1.0" is incompatible with requested version "babel-loader@^9.0.0"
warning @storybook/react-webpack5 > @storybook/builder-webpack5 > fork-ts-checker-webpack-plugin > memfs@3.6.0: this will be v4
warning @storybook/react-webpack5 > @storybook/builder-webpack5 > webpack-dev-middleware > memfs@3.6.0: this will be v4
[2/4] Fetching packages...
[3/4] Linking dependencies...
warning " > babel-loader@8.1.0" has unmet peer dependency "@babel/core@^7.0.0".
warning " > styled-components@5.3.11" has unmet peer dependency "react@>= 16.8.0".
warning " > styled-components@5.3.11" has unmet peer dependency "react-dom@>= 16.8.0".
warning " > styled-components@5.3.11" has unmet peer dependency "react-is@>= 16.8.0".
warning "styled-components > babel-plugin-styled-components > @babel/plugin-syntax-jsx@7.23.3" has unmet peer dependency "@babel/core@^7.0.0-0".
warning "workspace-aggregator-a755c78d-d768-4451-b93b-b462b9a2531a > @modern-js-app/eslint-config@2.45.0" has unmet peer dependency "typescript@^4 || ^5".
warning "workspace-aggregator-a755c78d-d768-4451-b93b-b462b9a2531a > bulletproof-react > @hookform/resolvers@3.3.4" has unmet peer dependency "react-hook-form@^7.0.0".
warning "workspace-aggregator-a755c78d-d768-4451-b93b-b462b9a2531a > bulletproof-react > @tailwindcss/typography@0.5.10" has incorrect peer dependency "tailwindcss@>=3.0.0 || insiders".
warning "workspace-aggregator-a755c78d-d768-4451-b93b-b462b9a2531a > bulletproof-react > @testing-library/user-event@14.5.2" has unmet peer dependency "@testing-library/dom@>=7.21.4".
warning "workspace-aggregator-a755c78d-d768-4451-b93b-b462b9a2531a > bulletproof-react > redux-injectors@2.1.0" has incorrect peer dependency "react-redux@^7.1.0".
warning "workspace-aggregator-a755c78d-d768-4451-b93b-b462b9a2531a > bulletproof-react > @storybook/preset-create-react-app@7.6.7" has unmet peer dependency "@babel/core@*".
warning "@storybook/react-webpack5 > @storybook/react@7.6.7" has unmet peer dependency "react@^16.8.0 || ^17.0.0 || ^18.0.0".
warning "@storybook/react-webpack5 > @storybook/react@7.6.7" has unmet peer dependency "react-dom@^16.8.0 || ^17.0.0 || ^18.0.0".
warning "workspace-aggregator-a755c78d-d768-4451-b93b-b462b9a2531a > bulletproof-react > @testing-library/react-hooks@8.0.1" has incorrect peer dependency "react@^16.9.0 || ^17.0.0".
warning "workspace-aggregator-a755c78d-d768-4451-b93b-b462b9a2531a > bulletproof-react > @typescript-eslint/eslint-plugin@6.18.1" has unmet peer dependency "eslint@^7.0.0 || ^8.0.0".
warning "workspace-aggregator-a755c78d-d768-4451-b93b-b462b9a2531a > bulletproof-react > @typescript-eslint/parser@6.18.1" has unmet peer dependency "eslint@^7.0.0 || ^8.0.0".
warning "workspace-aggregator-a755c78d-d768-4451-b93b-b462b9a2531a > bulletproof-react > eslint-config-prettier@9.1.0" has unmet peer dependency "eslint@>=7.0.0".
warning "workspace-aggregator-a755c78d-d768-4451-b93b-b462b9a2531a > bulletproof-react > eslint-import-resolver-typescript@3.6.1" has unmet peer dependency "eslint@*".
warning "workspace-aggregator-a755c78d-d768-4451-b93b-b462b9a2531a > bulletproof-react > eslint-plugin-import@2.29.1" has unmet peer dependency "eslint@^2 || ^3 || ^4 || ^5 || ^6 || ^7.2.0 || ^8".
warning "workspace-aggregator-a755c78d-d768-4451-b93b-b462b9a2531a > bulletproof-react > eslint-plugin-jest-dom@5.1.0" has unmet peer dependency "eslint@^6.8.0 || ^7.0.0 || ^8.0.0".
warning "workspace-aggregator-a755c78d-d768-4451-b93b-b462b9a2531a > bulletproof-react > eslint-plugin-jsx-a11y@6.8.0" has unmet peer dependency "eslint@^3 || ^4 || ^5 || ^6 || ^7 || ^8".
warning "workspace-aggregator-a755c78d-d768-4451-b93b-b462b9a2531a > bulletproof-react > eslint-plugin-prettier@5.1.3" has unmet peer dependency "eslint@>=8.0.0".
warning "workspace-aggregator-a755c78d-d768-4451-b93b-b462b9a2531a > bulletproof-react > eslint-plugin-react@7.33.2" has unmet peer dependency "eslint@^3 || ^4 || ^5 || ^6 || ^7 || ^8".
warning "workspace-aggregator-a755c78d-d768-4451-b93b-b462b9a2531a > bulletproof-react > eslint-plugin-react-hooks@4.6.0" has unmet peer dependency "eslint@^3.0.0 || ^4.0.0 || ^5.0.0 || ^6.0.0 || ^7.0.0 || ^8.0.0-0".
warning "workspace-aggregator-a755c78d-d768-4451-b93b-b462b9a2531a > bulletproof-react > eslint-plugin-testing-library@6.2.0" has unmet peer dependency "eslint@^7.5.0 || ^8.0.0".
warning "workspace-aggregator-a755c78d-d768-4451-b93b-b462b9a2531a > bulletproof-react > ts-jest@29.1.1" has unmet peer dependency "jest@^29.0.0".
warning "@storybook/react-webpack5 > @storybook/preset-react-webpack > @storybook/react-docgen-typescript-plugin@1.0.6--canary.9.0c3f3b7.0" has unmet peer dependency "typescript@>= 4.x".
warning "workspace-aggregator-a755c78d-d768-4451-b93b-b462b9a2531a > bulletproof-react > @typescript-eslint/eslint-plugin > @typescript-eslint/type-utils@6.18.1" has unmet peer dependency "eslint@^7.0.0 || ^8.0.0".
warning "workspace-aggregator-a755c78d-d768-4451-b93b-b462b9a2531a > bulletproof-react > @typescript-eslint/eslint-plugin > @typescript-eslint/utils@6.18.1" has unmet peer dependency "eslint@^7.0.0 || ^8.0.0".
warning "eslint-plugin-storybook > @typescript-eslint/utils@5.62.0" has unmet peer dependency "eslint@^6.0.0 || ^7.0.0 || ^8.0.0".
warning "workspace-aggregator-a755c78d-d768-4451-b93b-b462b9a2531a > @modern-js-app/eslint-config > @typescript-eslint/eslint-plugin > tsutils@3.21.0" has unmet peer dependency "typescript@>=2.8.0 || >= 3.2.0-dev || >= 3.3.0-dev || >= 3.4.0-dev || >= 3.5.0-dev || >= 3.6.0-dev || >= 3.6.0-beta || >= 3.7.0-dev || >= 3.7.0-beta".
warning " > @storybook/blocks@7.6.7" has unmet peer dependency "react@^16.8.0 || ^17.0.0 || ^18.0.0".
warning " > @storybook/blocks@7.6.7" has unmet peer dependency "react-dom@^16.8.0 || ^17.0.0 || ^18.0.0".
warning "@storybook/react-webpack5 > @storybook/preset-react-webpack > @babel/preset-react@7.23.3" has unmet peer dependency "@babel/core@^7.0.0-0".
warning "workspace-aggregator-a755c78d-d768-4451-b93b-b462b9a2531a > bulletproof-react > react-scripts > eslint-config-react-app > eslint-plugin-flowtype@8.0.3" has unmet peer dependency "@babel/plugin-syntax-flow@^7.14.5".
warning "workspace-aggregator-a755c78d-d768-4451-b93b-b462b9a2531a > bulletproof-react > react-scripts > eslint-config-react-app > eslint-plugin-flowtype@8.0.3" has unmet peer dependency "@babel/plugin-transform-react-jsx@^7.14.9".
warning "workspace-aggregator-a755c78d-d768-4451-b93b-b462b9a2531a > @modern-js/monorepo-tools > @modern-js/new-action > @modern-js/codesmith-formily > @formily/json-schema@2.3.1" has unmet peer dependency "typescript@>4.1.5".
warning "@storybook/react-webpack5 > @storybook/preset-react-webpack > @babel/preset-flow@7.23.3" has unmet peer dependency "@babel/core@^7.0.0-0".
warning " > @storybook/react-webpack5@7.6.7" has unmet peer dependency "react@^16.8.0 || ^17.0.0 || ^18.0.0".
warning " > @storybook/react-webpack5@7.6.7" has unmet peer dependency "react-dom@^16.8.0 || ^17.0.0 || ^18.0.0".
warning "@storybook/react-webpack5 > @storybook/preset-react-webpack@7.6.7" has unmet peer dependency "react@^16.8.0 || ^17.0.0 || ^18.0.0".
warning "@storybook/react-webpack5 > @storybook/preset-react-webpack@7.6.7" has unmet peer dependency "react-dom@^16.8.0 || ^17.0.0 || ^18.0.0".
warning "@storybook/react-webpack5 > @storybook/builder-webpack5 > fork-ts-checker-webpack-plugin@8.0.0" has unmet peer dependency "typescript@>3.6.0".
warning " > @storybook/addon-onboarding@1.0.10" has unmet peer dependency "react@^16.8.0 || ^17.0.0 || ^18.0.0".
warning " > @storybook/addon-onboarding@1.0.10" has unmet peer dependency "react-dom@^16.8.0 || ^17.0.0 || ^18.0.0".
warning "@storybook/addon-onboarding > react-confetti@6.1.0" has unmet peer dependency "react@^16.3.0 || ^17.0.1 || ^18.0.0".
warning " > eslint-plugin-storybook@0.6.15" has unmet peer dependency "eslint@>=6".
error An unexpected error occurred: "expected workspace package to exist for \"listr2\"".
info If you think this is a bug, please open a bug report with the information provided in "/Users/huihao/front/huizhi/apps/transfer_hub/yarn-error.log".
info Visit https://yarnpkg.com/en/docs/cli/add for documentation about this command.
